<?xml version="1.0" encoding="UTF-8"?>
<!-- Generated by org.testng.reporters.JUnitReportReporter -->
<testsuite hostname="Magic" failures="0" tests="1" name="com.TestNG.Practice.Mock_rev" time="0.008" errors="0" timestamp="2023-08-30T15:48:05 IST" skipped="0">
  <testcase classname="com.TestNG.Practice.Mock_rev" name="method" time="0.008"/>
</testsuite> <!-- com.TestNG.Practice.Mock_rev -->
