<?xml version="1.0" encoding="UTF-8"?>
<!-- Generated by org.testng.reporters.JUnitReportReporter -->
<testsuite hostname="Magic" failures="0" tests="1" name="com.practice.BrokenLink_uidai_Test" time="12.709" errors="0" timestamp="2023-09-29T14:58:09 IST" skipped="0">
  <testcase classname="com.practice.BrokenLink_uidai_Test" name="method98" time="12.709"/>
  <system-out/>
</testsuite> <!-- com.practice.BrokenLink_uidai_Test -->
