<?xml version="1.0" encoding="UTF-8"?>
<!-- Generated by org.testng.reporters.JUnitReportReporter -->
<testsuite hostname="Magic" failures="0" tests="1" name="com.TestNG.Practice.Occur" time="0.006" errors="0" timestamp="2023-09-27T16:10:54 IST" skipped="0">
  <testcase classname="com.TestNG.Practice.Occur" name="methods" time="0.006"/>
  <system-out/>
</testsuite> <!-- com.TestNG.Practice.Occur -->
