<?xml version="1.0" encoding="UTF-8"?>
<!-- Generated by org.testng.reporters.JUnitReportReporter -->
<testsuite hostname="Magic" failures="0" tests="1" name="com.practice.BrokenLink_EpfIndia_Test" time="165.040" errors="0" timestamp="2023-08-21T13:00:56 IST" skipped="0">
  <testcase classname="com.practice.BrokenLink_EpfIndia_Test" name="method1" time="165.040"/>
</testsuite> <!-- com.practice.BrokenLink_EpfIndia_Test -->
