<?xml version="1.0" encoding="UTF-8"?>
<!-- Generated by org.testng.reporters.JUnitReportReporter -->
<testsuite hostname="Magic" failures="0" tests="1" name="com.TestNG.Practice.RotateString" time="0.009" errors="0" timestamp="2023-08-30T15:32:03 IST" skipped="0">
  <testcase classname="com.TestNG.Practice.RotateString" name="methos" time="0.009"/>
</testsuite> <!-- com.TestNG.Practice.RotateString -->
